{"/Users/stevennguyen/Documents/hackreactor/fec-capstone/reviews-service/client/components/App.jsx": {"path":"/Users/stevennguyen/Documents/hackreactor/fec-capstone/reviews-service/client/components/App.jsx","statementMap":{"0":{"start":{"line":8,"column":4},"end":{"line":8,"column":17}},"1":{"start":{"line":9,"column":4},"end":{"line":13,"column":6}},"2":{"start":{"line":14,"column":4},"end":{"line":14,"column":49}},"3":{"start":{"line":15,"column":4},"end":{"line":15,"column":55}},"4":{"start":{"line":16,"column":4},"end":{"line":16,"column":49}},"5":{"start":{"line":20,"column":4},"end":{"line":20,"column":22}},"6":{"start":{"line":24,"column":15},"end":{"line":24,"column":49}},"7":{"start":{"line":25,"column":4},"end":{"line":36,"column":9}},"8":{"start":{"line":27,"column":8},"end":{"line":29,"column":11}},"9":{"start":{"line":32,"column":8},"end":{"line":32,"column":26}},"10":{"start":{"line":35,"column":8},"end":{"line":35,"column":25}},"11":{"start":{"line":41,"column":24},"end":{"line":41,"column":34}},"12":{"start":{"line":42,"column":20},"end":{"line":49,"column":5}},"13":{"start":{"line":51,"column":4},"end":{"line":58,"column":5}},"14":{"start":{"line":51,"column":17},"end":{"line":51,"column":18}},"15":{"start":{"line":52,"column":6},"end":{"line":52,"column":52}},"16":{"start":{"line":53,"column":6},"end":{"line":53,"column":56}},"17":{"start":{"line":54,"column":6},"end":{"line":54,"column":46}},"18":{"start":{"line":55,"column":6},"end":{"line":55,"column":46}},"19":{"start":{"line":56,"column":6},"end":{"line":56,"column":46}},"20":{"start":{"line":57,"column":6},"end":{"line":57,"column":40}},"21":{"start":{"line":60,"column":20},"end":{"line":60,"column":22}},"22":{"start":{"line":62,"column":4},"end":{"line":66,"column":5}},"23":{"start":{"line":63,"column":6},"end":{"line":63,"column":26}},"24":{"start":{"line":64,"column":6},"end":{"line":64,"column":45}},"25":{"start":{"line":65,"column":6},"end":{"line":65,"column":33}},"26":{"start":{"line":68,"column":18},"end":{"line":68,"column":19}},"27":{"start":{"line":70,"column":4},"end":{"line":72,"column":5}},"28":{"start":{"line":70,"column":17},"end":{"line":70,"column":18}},"29":{"start":{"line":71,"column":6},"end":{"line":71,"column":36}},"30":{"start":{"line":74,"column":4},"end":{"line":74,"column":56}},"31":{"start":{"line":76,"column":4},"end":{"line":78,"column":7}},"32":{"start":{"line":82,"column":26},"end":{"line":82,"column":36}},"33":{"start":{"line":83,"column":4},"end":{"line":85,"column":7}},"34":{"start":{"line":89,"column":44},"end":{"line":89,"column":54}},"35":{"start":{"line":90,"column":4},"end":{"line":106,"column":5}},"36":{"start":{"line":91,"column":6},"end":{"line":105,"column":8}},"37":{"start":{"line":107,"column":4},"end":{"line":111,"column":6}}},"fnMap":{"0":{"name":"(anonymous_0)","decl":{"start":{"line":7,"column":2},"end":{"line":7,"column":3}},"loc":{"start":{"line":7,"column":21},"end":{"line":17,"column":3}},"line":7},"1":{"name":"(anonymous_1)","decl":{"start":{"line":19,"column":2},"end":{"line":19,"column":3}},"loc":{"start":{"line":19,"column":22},"end":{"line":21,"column":3}},"line":19},"2":{"name":"(anonymous_2)","decl":{"start":{"line":23,"column":2},"end":{"line":23,"column":3}},"loc":{"start":{"line":23,"column":15},"end":{"line":37,"column":3}},"line":23},"3":{"name":"(anonymous_3)","decl":{"start":{"line":26,"column":12},"end":{"line":26,"column":13}},"loc":{"start":{"line":26,"column":26},"end":{"line":30,"column":7}},"line":26},"4":{"name":"(anonymous_4)","decl":{"start":{"line":31,"column":12},"end":{"line":31,"column":13}},"loc":{"start":{"line":31,"column":18},"end":{"line":33,"column":7}},"line":31},"5":{"name":"(anonymous_5)","decl":{"start":{"line":34,"column":13},"end":{"line":34,"column":14}},"loc":{"start":{"line":34,"column":22},"end":{"line":36,"column":7}},"line":34},"6":{"name":"(anonymous_6)","decl":{"start":{"line":40,"column":2},"end":{"line":40,"column":3}},"loc":{"start":{"line":40,"column":15},"end":{"line":79,"column":3}},"line":40},"7":{"name":"(anonymous_7)","decl":{"start":{"line":81,"column":2},"end":{"line":81,"column":3}},"loc":{"start":{"line":81,"column":18},"end":{"line":86,"column":3}},"line":81},"8":{"name":"(anonymous_8)","decl":{"start":{"line":88,"column":2},"end":{"line":88,"column":3}},"loc":{"start":{"line":88,"column":11},"end":{"line":112,"column":3}},"line":88}},"branchMap":{"0":{"loc":{"start":{"line":90,"column":4},"end":{"line":106,"column":5}},"type":"if","locations":[{"start":{"line":90,"column":4},"end":{"line":106,"column":5}},{"start":{"line":90,"column":4},"end":{"line":106,"column":5}}],"line":90}},"s":{"0":3,"1":3,"2":3,"3":3,"4":3,"5":3,"6":3,"7":3,"8":0,"9":0,"10":0,"11":0,"12":0,"13":0,"14":0,"15":0,"16":0,"17":0,"18":0,"19":0,"20":0,"21":0,"22":0,"23":0,"24":0,"25":0,"26":0,"27":0,"28":0,"29":0,"30":0,"31":0,"32":0,"33":0,"34":3,"35":3,"36":0,"37":3},"f":{"0":3,"1":3,"2":3,"3":0,"4":0,"5":0,"6":0,"7":0,"8":3},"b":{"0":[0,3]},"_coverageSchema":"1a1c01bbd47fc00a2c39e90264f33305004495a9","hash":"c79491a1cbf875ae2adcda3e4aaeee7724beff41"}
,"/Users/stevennguyen/Documents/hackreactor/fec-capstone/reviews-service/client/components/Panel.jsx": {"path":"/Users/stevennguyen/Documents/hackreactor/fec-capstone/reviews-service/client/components/Panel.jsx","statementMap":{"0":{"start":{"line":6,"column":14},"end":{"line":21,"column":1}},"1":{"start":{"line":7,"column":2},"end":{"line":20,"column":10}}},"fnMap":{"0":{"name":"(anonymous_0)","decl":{"start":{"line":6,"column":14},"end":{"line":6,"column":15}},"loc":{"start":{"line":7,"column":2},"end":{"line":20,"column":10}},"line":7}},"branchMap":{},"s":{"0":2,"1":0},"f":{"0":0},"b":{},"_coverageSchema":"1a1c01bbd47fc00a2c39e90264f33305004495a9","hash":"010d92b6eca23d66af2858e502db2451075179cf"}
,"/Users/stevennguyen/Documents/hackreactor/fec-capstone/reviews-service/client/components/PanelRatings.jsx": {"path":"/Users/stevennguyen/Documents/hackreactor/fec-capstone/reviews-service/client/components/PanelRatings.jsx","statementMap":{"0":{"start":{"line":3,"column":21},"end":{"line":7,"column":1}},"1":{"start":{"line":4,"column":4},"end":{"line":6,"column":10}}},"fnMap":{"0":{"name":"(anonymous_0)","decl":{"start":{"line":3,"column":21},"end":{"line":3,"column":22}},"loc":{"start":{"line":4,"column":4},"end":{"line":6,"column":10}},"line":4}},"branchMap":{},"s":{"0":2,"1":0},"f":{"0":0},"b":{},"_coverageSchema":"1a1c01bbd47fc00a2c39e90264f33305004495a9","hash":"59a2df1a77d6bb27b67a806a25d6c5cb5e758f0e"}
,"/Users/stevennguyen/Documents/hackreactor/fec-capstone/reviews-service/client/components/PanelReviews.jsx": {"path":"/Users/stevennguyen/Documents/hackreactor/fec-capstone/reviews-service/client/components/PanelReviews.jsx","statementMap":{"0":{"start":{"line":3,"column":21},"end":{"line":7,"column":1}},"1":{"start":{"line":4,"column":4},"end":{"line":6,"column":10}}},"fnMap":{"0":{"name":"(anonymous_0)","decl":{"start":{"line":3,"column":21},"end":{"line":3,"column":22}},"loc":{"start":{"line":4,"column":4},"end":{"line":6,"column":10}},"line":4}},"branchMap":{},"s":{"0":2,"1":0},"f":{"0":0},"b":{},"_coverageSchema":"1a1c01bbd47fc00a2c39e90264f33305004495a9","hash":"ae1ba499faa271da61cf452b7aebe8ec18fd18e1"}
,"/Users/stevennguyen/Documents/hackreactor/fec-capstone/reviews-service/client/components/Ratings.jsx": {"path":"/Users/stevennguyen/Documents/hackreactor/fec-capstone/reviews-service/client/components/Ratings.jsx","statementMap":{"0":{"start":{"line":3,"column":16},"end":{"line":36,"column":1}},"1":{"start":{"line":4,"column":2},"end":{"line":35,"column":8}}},"fnMap":{"0":{"name":"(anonymous_0)","decl":{"start":{"line":3,"column":16},"end":{"line":3,"column":17}},"loc":{"start":{"line":4,"column":2},"end":{"line":35,"column":8}},"line":4}},"branchMap":{},"s":{"0":1,"1":0},"f":{"0":0},"b":{},"_coverageSchema":"1a1c01bbd47fc00a2c39e90264f33305004495a9","hash":"d4dbb848c11389d738e276899f4779420b6b1da9"}
,"/Users/stevennguyen/Documents/hackreactor/fec-capstone/reviews-service/client/components/Review.jsx": {"path":"/Users/stevennguyen/Documents/hackreactor/fec-capstone/reviews-service/client/components/Review.jsx","statementMap":{"0":{"start":{"line":3,"column":15},"end":{"line":10,"column":1}},"1":{"start":{"line":4,"column":2},"end":{"line":9,"column":8}}},"fnMap":{"0":{"name":"(anonymous_0)","decl":{"start":{"line":3,"column":15},"end":{"line":3,"column":16}},"loc":{"start":{"line":4,"column":2},"end":{"line":9,"column":8}},"line":4}},"branchMap":{},"s":{"0":3,"1":3},"f":{"0":3},"b":{},"_coverageSchema":"1a1c01bbd47fc00a2c39e90264f33305004495a9","hash":"417841706138b7f3685adcfb7192bb8473c2e016"}
,"/Users/stevennguyen/Documents/hackreactor/fec-capstone/reviews-service/client/components/Reviews.jsx": {"path":"/Users/stevennguyen/Documents/hackreactor/fec-capstone/reviews-service/client/components/Reviews.jsx","statementMap":{"0":{"start":{"line":5,"column":16},"end":{"line":39,"column":1}},"1":{"start":{"line":6,"column":20},"end":{"line":13,"column":3}},"2":{"start":{"line":14,"column":14},"end":{"line":14,"column":16}},"3":{"start":{"line":16,"column":2},"end":{"line":18,"column":3}},"4":{"start":{"line":16,"column":15},"end":{"line":16,"column":16}},"5":{"start":{"line":17,"column":4},"end":{"line":17,"column":31}},"6":{"start":{"line":20,"column":2},"end":{"line":38,"column":4}},"7":{"start":{"line":24,"column":10},"end":{"line":24,"column":36}}},"fnMap":{"0":{"name":"(anonymous_0)","decl":{"start":{"line":5,"column":16},"end":{"line":5,"column":17}},"loc":{"start":{"line":5,"column":27},"end":{"line":39,"column":1}},"line":5},"1":{"name":"(anonymous_1)","decl":{"start":{"line":23,"column":16},"end":{"line":23,"column":17}},"loc":{"start":{"line":24,"column":10},"end":{"line":24,"column":36}},"line":24}},"branchMap":{},"s":{"0":2,"1":1,"2":1,"3":1,"4":1,"5":6,"6":1,"7":6},"f":{"0":1,"1":6},"b":{},"_coverageSchema":"1a1c01bbd47fc00a2c39e90264f33305004495a9","hash":"3468f1c8735d3edeb697acec1ce500cb25037852"}
}
